Arguments: 
  /usr/local/bin/node /usr/local/bin/yarn add typescript: ^4.5.4,

PATH: 
  /usr/local/bin:/usr/bin:/bin:/usr/sbin:/sbin:/Applications/VMware Fusion.app/Contents/Public

Yarn version: 
  1.22.17

Node version: 
  16.13.0

Platform: 
  darwin x64

Trace: 
  Error: Invalid URL
      at module.exports.module.exports (/usr/local/lib/node_modules/yarn/lib/cli.js:71862:9)
      at urlParts (/usr/local/lib/node_modules/yarn/lib/cli.js:31657:75)
      at NpmRegistry.isRequestToRegistry (/usr/local/lib/node_modules/yarn/lib/cli.js:31700:19)
      at NpmRegistry.<anonymous> (/usr/local/lib/node_modules/yarn/lib/cli.js:31732:31)
      at Generator.next (<anonymous>)
      at step (/usr/local/lib/node_modules/yarn/lib/cli.js:310:30)
      at /usr/local/lib/node_modules/yarn/lib/cli.js:328:14
      at new Promise (<anonymous>)
      at new F (/usr/local/lib/node_modules/yarn/lib/cli.js:5301:28)
      at NpmRegistry.<anonymous> (/usr/local/lib/node_modules/yarn/lib/cli.js:307:12)

npm manifest: 
  {
    "name": "f-core-poc",
    "version": "1.0.1",
    "description": "core lib for showing POC",
    "main": "index.js",
    "author": "Vikas",
    "license": "MIT",
    "private": false,
    "repository": {
      "type": "git",
      "url": "git@github.com:vikas-cldcvr/f-core-poc.git"
    }
  }

yarn manifest: 
  No manifest

Lockfile: 
  No lockfile
